200 5000 0.176607 0.126788   0.141213 0.140481  
200 6000 0.205406 0.143718   0.166474 0.172235  
200 7000 0.230630 0.171840   0.193037 0.199677  
200 8000 0.267911 0.198371   0.221387 0.230500  
400 5000 0.320407 0.239339   0.272397 0.286435  
400 6000 0.386454 0.289578   0.332212 0.339591  
400 7000 0.437569 0.332239   0.384558 0.400791  
400 8000 0.512096 0.382267   0.441454 0.457047  
800 5000 0.631515 0.485294   0.549258 0.576068  
800 6000 0.757222 0.586502   0.663008 0.701821  
800 7000 0.893692 0.663271   0.780218 0.802086  
800 8000 1.048380 0.776839   0.883643 0.915296  
1600 5000 1.261934 0.977717   1.114508 1.151220  
1600 6000 1.505242 1.174063   1.321493 1.366870  
1600 7000 1.789056 1.347442   1.554398 1.614318  
1600 8000 2.031032 1.567591   1.777695 1.846490  
3200 5000 2.532837 1.947118   2.217250 2.310016  
3200 6000 3.028779 2.321928   2.665642 2.759853  
3200 7000 3.534492 2.674865   3.106473 3.226088  
3200 8000 4.045842 3.107097   3.547240 3.714088  
6400 5000 5.042751 3.834462   4.451062 4.658114  
6400 6000 6.062955 4.625745   5.307083 5.553768  
6400 7000 7.066942 5.468257   6.209464 6.512473  
6400 8000 8.094512 6.216886   7.082541 7.413607  
8000 8000 10.136872 7.671611   8.891837 9.274615  
