200 5000 0.400173 0.442254 0.255075 0.180668 0.131859 0.144767 0.088910 0.177902
200 6000 0.470345 0.524303 0.251780 0.215756 0.157893 0.173106 0.105353 0.213758
200 7000 0.551357 0.616657 0.269738 0.253810 0.182021 0.205816 0.122406 0.250816
200 8000 0.636233 0.698403 0.288825 0.287916 0.212074 0.234025 0.138967 0.285369
400 5000 0.789633 0.889432 0.323906 0.367300 0.263108 0.294376 0.177709 0.364528
400 6000 0.946327 1.061610 0.365742 0.416896 0.317899 0.358795 0.212955 0.412030
400 7000 1.093875 1.230096 0.408939 0.473661 0.368365 0.412618 0.252057 0.465778
400 8000 1.264090 1.409444 0.444819 0.526808 0.424847 0.470109 0.292612 0.522821
800 5000 1.578945 1.766903 0.541425 0.638942 0.537731 0.591099 0.370036 0.631518
800 6000 1.888828 2.130991 0.572393 0.741384 0.641725 0.710921 0.415326 0.731333
800 7000 2.187744 2.470628 0.628996 0.858632 0.739203 0.822587 0.474735 0.848756
800 8000 2.516403 2.838612 0.689544 0.937895 0.853019 0.943982 0.531317 0.925337
1600 5000 3.133395 3.563917 0.796888 1.161051 1.063394 1.181282 0.645579 1.145247
1600 6000 3.757096 4.263990 0.916356 1.338220 1.265931 1.413355 0.733198 1.325052
1600 7000 4.411864 4.993674 0.994672 1.527540 1.486966 1.664519 0.840486 1.503424
1600 8000 4.991020 5.621036 1.075263 1.746668 1.698773 1.889386 0.920790 1.728535
3200 5000 6.350088 7.093537 1.285675 2.110322 2.125675 2.391342 1.101045 2.072678
3200 6000 7.533436 8.338827 1.462899 2.458742 2.556448 2.886591 1.305281 2.418079
3200 7000 8.830109 10.025821 1.650551 2.848661 3.007628 3.377818 1.464905 2.802268
3200 8000 10.014743 11.198085 1.856785 3.300868 3.400575 3.791946 1.697271 3.244602
6400 5000 12.602451 14.308682 2.216834 4.023200 4.271607 4.833676 2.049278 3.944111
6400 6000 15.112814 17.053002 2.597782 4.788302 5.074699 5.752011 2.435054 4.680448
6400 7000 17.759245 20.061505 2.977754 5.502294 5.989511 6.697447 2.808536 5.398298
6400 8000 20.281017 22.708721 3.353834 6.611169 6.811240 7.616809 3.164043 6.497361
8000 8000 25.399981 28.617669 4.238344 7.752804 8.574883 9.572477 4.044101 7.593406
