200 5000 0.132483 0.107656 0.103209 0.107093
200 6000 0.139809 0.133671 0.124579 0.132938
200 7000 0.177040 0.157366 0.145134 0.155597
200 8000 0.199991 0.182973 0.168221 0.180267
400 5000 0.245488 0.230815 0.210561 0.226316
400 6000 0.293514 0.276939 0.251265 0.272542
400 7000 0.344119 0.325415 0.299072 0.320067
400 8000 0.388480 0.369556 0.339219 0.363989
800 5000 0.486385 0.464405 0.427896 0.455357
800 6000 0.570567 0.555580 0.510771 0.543673
800 7000 0.665509 0.649598 0.593878 0.639683
800 8000 0.767571 0.741956 0.684149 0.724061
1600 5000 0.959599 0.924930 0.851461 0.908953
1600 6000 1.150186 1.120980 1.026392 1.098269
1600 7000 1.337702 1.297371 1.185765 1.285606
1600 8000 1.524066 1.488770 1.360248 1.460028
3200 5000 1.900181 1.853212 1.698852 1.829525
3200 6000 2.295068 2.218525 2.037526 2.178881
3200 7000 2.660069 2.602648 2.384726 2.535557
3200 8000 3.042889 2.974126 2.726039 2.907956
6400 5000 3.810144 3.712074 3.407338 3.638355
6400 6000 4.581695 4.461000 4.088963 4.396640
6400 7000 5.327187 5.212132 4.763558 5.111980
6400 8000 6.081210 5.948862 5.444967 5.850696
8000 8000 7.555689 6.769986 7.406587 7.298217
